<?xml version="1.0" encoding="UTF-8" ?>
<testsuite failures="1" time="1.465" errors="0" skipped="0" tests="1" name="com.aaron.EntityManagerTest">
  <properties>
[...]
</properties>
  <testcase time="1.404" classname="com.aaron.EntityManagerTest" name="testNullPk">
    <failure message="Expected exception: java.lang.IllegalArgumentException" type="java.lang.AssertionError">java.lang.AssertionError: Expected exception: java.lang.IllegalArgumentException
	at org.junit.internal.runners.statements.ExpectException.evaluate(ExpectException.java:32)
	at org.junit.runners.ParentRunner.runLeaf(ParentRunner.java:325)
	at org.junit.runners.BlockJUnit4ClassRunner.runChild(BlockJUnit4ClassRunner.java:78)
	at org.junit.runners.BlockJUnit4ClassRunner.runChild(BlockJUnit4ClassRunner.java:57)
	at org.junit.runners.ParentRunner$3.run(ParentRunner.java:290)
	at org.junit.runners.ParentRunner$1.schedule(ParentRunner.java:71)
	at org.junit.runners.ParentRunner.runChildren(ParentRunner.java:288)
	at org.junit.runners.ParentRunner.access$000(ParentRunner.java:58)
	at org.junit.runners.ParentRunner$2.evaluate(ParentRunner.java:268)
	at org.junit.runners.ParentRunner.run(ParentRunner.java:363)
	at org.apache.maven.surefire.junit4.JUnit4TestSet.execute(JUnit4TestSet.java:53)
	at org.apache.maven.surefire.junit4.JUnit4Provider.executeTestSet(JUnit4Provider.java:123)
	at org.apache.maven.surefire.junit4.JUnit4Provider.invoke(JUnit4Provider.java:104)
	at sun.reflect.NativeMethodAccessorImpl.invoke0(Native Method)
	at sun.reflect.NativeMethodAccessorImpl.invoke(NativeMethodAccessorImpl.java:57)
	at sun.reflect.DelegatingMethodAccessorImpl.invoke(DelegatingMethodAccessorImpl.java:43)
	at java.lang.reflect.Method.invoke(Method.java:606)
	at org.apache.maven.surefire.util.ReflectionUtils.invokeMethodWithArray(ReflectionUtils.java:164)
	at org.apache.maven.surefire.booter.ProviderFactory$ProviderProxy.invoke(ProviderFactory.java:110)
	at org.apache.maven.surefire.booter.SurefireStarter.invokeProvider(SurefireStarter.java:175)
	at org.apache.maven.surefire.booter.SurefireStarter.runSuitesInProcessWhenForked(SurefireStarter.java:107)
	at org.apache.maven.surefire.booter.ForkedBooter.main(ForkedBooter.java:68)
</failure>
    <system-err>33  myUnit  WARN   [main] openjpa.Runtime - The persistence unit &quot;myUnit&quot; was found multiple times in the following resources &quot;[file:/home/aaron/intellij-workspace/val-cpq/openjpa-bug/target/test-classes/META-INF/persistence.xml, file:/home/aaron/intellij-workspace/val-cpq/openjpa-bug/target/classes/META-INF/persistence.xml]&quot;, but persistence unit names should be unique. The first persistence unit matching the provided name in &quot;file:/home/aaron/intellij-workspace/val-cpq/openjpa-bug/target/test-classes/META-INF/persistence.xml&quot; is being used.
452  myUnit  INFO   [main] openjpa.Runtime - OpenJPA dynamically loaded the class enhancer. Any classes that were not enhanced at build time will be enhanced when they are loaded by the JVM.
SLF4J: Failed to load class &quot;org.slf4j.impl.StaticLoggerBinder&quot;.
SLF4J: Defaulting to no-operation (NOP) logger implementation
SLF4J: See http://www.slf4j.org/codes.html#StaticLoggerBinder for further details.
522  myUnit  INFO   [main] openjpa.Runtime - OpenJPA dynamically loaded a validation provider.
543  myUnit  INFO   [main] openjpa.Runtime - Starting OpenJPA 2.4.0
591  myUnit  INFO   [main] openjpa.jdbc.JDBC - Using dictionary class &quot;org.apache.openjpa.jdbc.sql.HSQLDictionary&quot;.
1030  myUnit  INFO   [main] openjpa.jdbc.JDBC - Connected to HSQL Database Engine version 2.2 using JDBC driver HSQL Database Engine Driver version 2.3.2. 
</system-err>
  </testcase>
</testsuite>